<?xml version="1.0" encoding="UTF-8"?>
<testng-results ignored="0" total="2" passed="2" failed="0" skipped="0">
  <reporter-output>
  </reporter-output>
  <suite started-at="2024-05-30T11:59:00 IST" name="TennesseeWebSiteTestSuite" finished-at="2024-05-30T12:00:48 IST" duration-ms="107645">
    <groups>
    </groups>
    <test started-at="2024-05-30T11:59:00 IST" name="TennesseeWebSiteTests" finished-at="2024-05-30T12:00:48 IST" duration-ms="107645">
      <class name="packageTest.TS_02">
        <test-method is-config="true" signature="setUp()[pri:0, instance:packageTest.TS_02@6caf0677]" started-at="2024-05-30T11:59:01 IST" name="setUp" finished-at="2024-05-30T11:59:10 IST" duration-ms="9058" status="PASS">
          <reporter-output>
          </reporter-output>
        </test-method> <!-- setUp -->
        <test-method signature="test2()[pri:0, instance:packageTest.TS_02@6caf0677]" started-at="2024-05-30T11:59:10 IST" name="test2" finished-at="2024-05-30T12:00:43 IST" duration-ms="93089" status="PASS">
          <reporter-output>
          </reporter-output>
        </test-method> <!-- test2 -->
        <test-method is-config="true" signature="tearDown()[pri:0, instance:packageTest.TS_02@6caf0677]" started-at="2024-05-30T12:00:43 IST" name="tearDown" finished-at="2024-05-30T12:00:48 IST" duration-ms="5369" status="PASS">
          <reporter-output>
          </reporter-output>
        </test-method> <!-- tearDown -->
      </class> <!-- packageTest.TS_02 -->
      <class name="packageTest.TS_01">
        <test-method is-config="true" signature="setUp()[pri:0, instance:packageTest.TS_01@2af004b]" started-at="2024-05-30T11:59:01 IST" name="setUp" finished-at="2024-05-30T11:59:10 IST" duration-ms="9249" status="PASS">
          <reporter-output>
          </reporter-output>
        </test-method> <!-- setUp -->
        <test-method signature="test1()[pri:0, instance:packageTest.TS_01@2af004b]" started-at="2024-05-30T11:59:10 IST" name="test1" finished-at="2024-05-30T12:00:38 IST" duration-ms="88416" status="PASS">
          <reporter-output>
          </reporter-output>
        </test-method> <!-- test1 -->
        <test-method is-config="true" signature="tearDown()[pri:0, instance:packageTest.TS_01@2af004b]" started-at="2024-05-30T12:00:38 IST" name="tearDown" finished-at="2024-05-30T12:00:47 IST" duration-ms="8851" status="PASS">
          <reporter-output>
          </reporter-output>
        </test-method> <!-- tearDown -->
      </class> <!-- packageTest.TS_01 -->
    </test> <!-- TennesseeWebSiteTests -->
  </suite> <!-- TennesseeWebSiteTestSuite -->
</testng-results>
